<?xml version="1.0" encoding="UTF-8"?>
<!-- Generated by org.testng.reporters.JUnitXMLReporter -->
<testsuite ignored="0" hostname="17d290ec9771561" failures="0" tests="6" name="suite_example" time="0.151" errors="0" timestamp="2023-03-30T16:49:06 IST">
  <testcase classname="com.ust.test.FirstTest" name="f" time="0.009"/>
  <testcase classname="com.ust.test.FirstTest" name="a" time="0.002"/>
  <testcase classname="com.ust.test.SecondTest" name="f" time="0.004"/>
  <testcase classname="com.ust.test.SecondTest" name="a" time="0.003"/>
  <testcase classname="com.ust.test.ThirdTest" name="f" time="0.004"/>
  <testcase classname="com.ust.test.ThirdTest" name="a" time="0.003"/>
</testsuite> <!-- suite_example -->
